FILE_TYPE=LIBRARY_PARTS;
PRIMITIVE 'EC28A1550401','EC28A1550401_Other';
  PIN
    'CCW':
      PIN_NUMBER='(A1)';
      NO_LOAD_CHECK=BOTH;
      NO_IO_CHECK=BOTH;
      ALLOW_CONNECT=TRUE;
      PINUSE='UNSPEC';
    'WIPER':
      PIN_NUMBER='(B1)';
      NO_LOAD_CHECK=BOTH;
      NO_IO_CHECK=BOTH;
      ALLOW_CONNECT=TRUE;
      PINUSE='UNSPEC';
    'CW':
      PIN_NUMBER='(C1)';
      NO_LOAD_CHECK=BOTH;
      NO_IO_CHECK=BOTH;
      ALLOW_CONNECT=TRUE;
      PINUSE='UNSPEC';
    'MH2':
      PIN_NUMBER='(MH2)';
      NO_LOAD_CHECK=BOTH;
      NO_IO_CHECK=BOTH;
      ALLOW_CONNECT=TRUE;
      PINUSE='UNSPEC';
    'MH4':
      PIN_NUMBER='(MH4)';
      NO_LOAD_CHECK=BOTH;
      NO_IO_CHECK=BOTH;
      ALLOW_CONNECT=TRUE;
      PINUSE='UNSPEC';
  END_PIN;
  BODY
    PART_NAME='EC28A1550401';
    PHYS_DES_PREFIX='VR';
    NO_LOAD_CHECK='TRUE';
    PIN_COUNT='5';
    BODY_NAME='EC28A1550401';
    JEDEC_TYPE='EC28A1550401';
  END_BODY;
END_PRIMITIVE;
END.
